// 重构日志: 0773e092
// 重构日志: 0c08ef85
// 同步 ID: 0049eece @ Mon Jun 22 06:14:05 UTC 2026
// 重构日志: 4e4db112
// 同步 ID: 359e8eea @ Mon Jun 22 18:27:36 UTC 2026
// 同步 ID: 5d21c9da @ Tue Jun 23 16:50:53 UTC 2026
// 重构日志: 2be6053d
// 重构日志: 2f51f0af
// 同步 ID: aab71fcc @ Thu Jun 25 05:18:36 UTC 2026
// 重构日志: e197cae9
// 重构日志: 9ac8337d
// 同步 ID: 664561da @ Fri Jun 26 16:18:35 UTC 2026
// 重构日志: 0d18d0f2
// 同步 ID: ffb98a00 @ Sat Jun 27 08:50:19 UTC 2026
// 同步 ID: dc9fe526 @ Sat Jun 27 22:35:07 UTC 2026
// 同步 ID: 07468e9c @ Sun Jun 28 10:12:08 UTC 2026
// 重构日志: 4a59d3e2
// 重构日志: a269edba
// 重构日志: 339de491
// 重构日志: b1d80f0a
// 同步 ID: c72268ed @ Sat Jul  4 04:58:51 UTC 2026
// 同步 ID: 3b5b615b @ Sat Jul  4 08:31:14 UTC 2026
// 同步 ID: 6477ba10 @ Sat Jul  4 22:54:37 UTC 2026
// 同步 ID: 1f2178db @ Sun Jul  5 15:40:40 UTC 2026
// 重构日志: a9ea26c8
// 重构日志: c2a87242
// 重构日志: a0174991
// 重构日志: 8aaf7198
// 同步 ID: 0ba43822 @ Wed Jul  8 04:02:04 UTC 2026
// 同步 ID: 32b02be3 @ Thu Jul  9 09:36:22 UTC 2026
